\BOOKMARK [1][-]{section.1}{\376\377\000T\000h\000e\000\040\000S\000y\000s\000t\000e\000m}{}% 1
\BOOKMARK [2][-]{subsection.1.1}{\376\377\000V\000e\000h\000i\000c\000l\000e\000\040\000c\000o\000n\000f\000i\000g\000u\000r\000a\000t\000i\000o\000n\000\040\000a\000n\000d\000\040\000t\000h\000r\000u\000s\000t\000e\000r\000\040\000l\000a\000y\000o\000u\000t}{section.1}% 2
\BOOKMARK [2][-]{subsection.1.2}{\376\377\000C\000o\000m\000p\000u\000t\000e\000\040\000a\000n\000d\000\040\000c\000o\000m\000m\000u\000n\000i\000c\000a\000t\000i\000o\000n\000s\000\040\000a\000r\000c\000h\000i\000t\000e\000c\000t\000u\000r\000e}{section.1}% 3
\BOOKMARK [2][-]{subsection.1.3}{\376\377\000L\000o\000c\000a\000l\000i\000z\000a\000t\000i\000o\000n\000\040\000a\000n\000d\000\040\000S\000t\000a\000t\000e\000\040\000E\000s\000t\000i\000m\000a\000t\000i\000o\000n}{section.1}% 4
\BOOKMARK [1][-]{section.2}{\376\377\000M\000o\000t\000o\000r\000\040\000C\000a\000l\000i\000b\000r\000a\000t\000i\000o\000n}{}% 5
\BOOKMARK [2][-]{subsection.2.1}{\376\377\000T\000h\000r\000u\000s\000t\000-\000t\000o\000-\000d\000u\000t\000y\000-\000c\000y\000c\000l\000e\000\040\000s\000h\000a\000p\000i\000n\000g\000\040\000\050\000m\000o\000t\000o\000r\000\137\000t\000h\000r\000u\000s\000t\0002\000R\000P\000M\000\051}{section.2}% 6
\BOOKMARK [2][-]{subsection.2.2}{\376\377\000T\000h\000r\000u\000s\000t\000\040\000c\000u\000r\000v\000e\000\040\000\050\000E\000R\000P\000M\000\040\000\040\000t\000h\000r\000u\000s\000t\000\051}{section.2}% 7
\BOOKMARK [1][-]{section.3}{\376\377\000V\000e\000h\000i\000c\000l\000e\000\040\000D\000y\000n\000a\000m\000i\000c\000s}{}% 8
\BOOKMARK [1][-]{section.4}{\376\377\000v\000/\000w\000\040\000C\000o\000n\000t\000r\000o\000l\000:\000\040\000K\000i\000n\000e\000m\000a\000t\000i\000c\000s\000\040\000a\000n\000d\000\040\000P\000I\000D\000\040\000D\000e\000s\000i\000g\000n}{}% 9
\BOOKMARK [2][-]{subsection.4.1}{\376\377\000B\000o\000d\000y\000-\000f\000r\000a\000m\000e\000\040\000k\000i\000n\000e\000m\000a\000t\000i\000c\000s}{section.4}% 10
\BOOKMARK [2][-]{subsection.4.2}{\376\377\000T\000h\000r\000u\000s\000t\000e\000r\000\040\000m\000i\000x\000i\000n\000g}{section.4}% 11
\BOOKMARK [2][-]{subsection.4.3}{\376\377\000D\000e\000c\000o\000u\000p\000l\000e\000d\000\040\000s\000u\000r\000g\000e\000/\000y\000a\000w\000\040\000P\000I\000D}{section.4}% 12
\BOOKMARK [2][-]{subsection.4.4}{\376\377\000R\000e\000l\000a\000y\000-\000f\000e\000e\000d\000b\000a\000c\000k\000\040\000P\000I\000D\000\040\000a\000u\000t\000o\000t\000u\000n\000i\000n\000g}{section.4}% 13
\BOOKMARK [2][-]{subsection.4.5}{\376\377\000M\000o\000d\000e\000\040\000s\000t\000a\000t\000e\000\040\000m\000a\000c\000h\000i\000n\000e}{section.4}% 14
\BOOKMARK [1][-]{section.5}{\376\377\000T\000r\000a\000j\000e\000c\000t\000o\000r\000y\000\040\000F\000o\000l\000l\000o\000w\000i\000n\000g\000:\000\040\000I\000n\000t\000e\000g\000r\000a\000l\000\040\000L\000i\000n\000e\000-\000O\000f\000-\000S\000i\000g\000h\000t\000\040\000\050\000I\000L\000O\000S\000\051\000\040\000G\000u\000i\000d\000a\000n\000c\000e}{}% 15
\BOOKMARK [2][-]{subsection.5.1}{\376\377\000P\000a\000t\000h\000-\000f\000r\000a\000m\000e\000\040\000e\000r\000r\000o\000r\000s}{section.5}% 16
\BOOKMARK [2][-]{subsection.5.2}{\376\377\000L\000o\000o\000k\000a\000h\000e\000a\000d\000\040\000p\000o\000i\000n\000t\000\040\000a\000n\000d\000\040\000I\000L\000O\000S\000\040\000h\000e\000a\000d\000i\000n\000g\000\040\000l\000a\000w}{section.5}% 17
\BOOKMARK [2][-]{subsection.5.3}{\376\377\000S\000p\000e\000e\000d\000\040\000l\000a\000w}{section.5}% 18
\BOOKMARK [1][-]{section.6}{\376\377\000T\000r\000a\000j\000e\000c\000t\000o\000r\000y\000\040\000G\000e\000n\000e\000r\000a\000t\000i\000o\000n\000\040\000f\000r\000o\000m\000\040\000W\000a\000y\000p\000o\000i\000n\000t\000s\000:\000\040\000M\000i\000s\000s\000i\000o\000n\000\040\000M\000a\000n\000a\000g\000e\000r}{}% 19
\BOOKMARK [2][-]{subsection.6.1}{\376\377\000G\000P\000S\000\040\000\040\000l\000o\000c\000a\000l\000\040\000E\000N\000U\000\040\000c\000o\000n\000v\000e\000r\000s\000i\000o\000n}{section.6}% 20
\BOOKMARK [2][-]{subsection.6.2}{\376\377\000M\000i\000s\000s\000i\000o\000n\000\040\000f\000i\000n\000i\000t\000e\000-\000s\000t\000a\000t\000e\000\040\000m\000a\000c\000h\000i\000n\000e}{section.6}% 21
\BOOKMARK [2][-]{subsection.6.3}{\376\377\000E\000x\000a\000m\000p\000l\000e\000\040\000m\000i\000s\000s\000i\000o\000n\000s}{section.6}% 22
\BOOKMARK [1][-]{section.7}{\376\377\000S\000i\000m\000u\000l\000a\000t\000i\000o\000n\000\040\000E\000n\000v\000i\000r\000o\000n\000m\000e\000n\000t\000\040\000\050\000l\000i\000l\000y\000\137\000g\000z\000\051}{}% 23
\BOOKMARK [2][-]{subsection.7.1}{\376\377\000O\000v\000e\000r\000v\000i\000e\000w}{section.7}% 24
\BOOKMARK [2][-]{subsection.7.2}{\376\377\000E\000n\000v\000i\000r\000o\000n\000m\000e\000n\000t\000a\000l\000\040\000p\000l\000u\000g\000i\000n\000s\000:\000\040\000w\000a\000v\000e\000s\000\040\000a\000n\000d\000\040\000w\000i\000n\000d}{section.7}% 25
\BOOKMARK [2][-]{subsection.7.3}{\376\377\000V\000e\000h\000i\000c\000l\000e\000\040\000m\000o\000d\000e\000l\000\040\000a\000n\000d\000\040\000w\000o\000r\000l\000d\000s}{section.7}% 26
\BOOKMARK [1][-]{section.8}{\376\377\000R\000e\000s\000u\000l\000t\000s}{}% 27
\BOOKMARK [2][-]{subsection.8.1}{\376\377\000v\000/\000w\000\040\000t\000r\000a\000c\000k\000i\000n\000g\000\040\000p\000e\000r\000f\000o\000r\000m\000a\000n\000c\000e}{section.8}% 28
\BOOKMARK [2][-]{subsection.8.2}{\376\377\000T\000r\000a\000j\000e\000c\000t\000o\000r\000y\000-\000f\000o\000l\000l\000o\000w\000i\000n\000g\000\040\000p\000e\000r\000f\000o\000r\000m\000a\000n\000c\000e}{section.8}% 29
\BOOKMARK [2][-]{subsection.8.3}{\376\377\000D\000i\000s\000c\000u\000s\000s\000i\000o\000n}{section.8}% 30
\BOOKMARK [1][-]{section*.23}{\376\377\000C\000o\000n\000c\000l\000u\000s\000i\000o\000n}{}% 31
